<?xml version="1.0" encoding="UTF-8"?>
<!-- Generated by org.testng.reporters.JUnitReportReporter -->
<testsuite hostname="LAPTOP-03S76HBP" failures="0" tests="1" name="opack.testFive" time="0.001" errors="0" timestamp="2022-07-30T14:49:41 IST" skipped="0">
  <testcase classname="opack.testFive" name="classOne" time="0.001"/>
  <system-out/>
</testsuite> <!-- opack.testFive -->
