<?xml version="1.0" encoding="UTF-8"?>
<!-- Generated by org.testng.reporters.JUnitReportReporter -->
<testsuite hostname="LAPTOP-03S76HBP" failures="0" tests="1" name="tpack.testTwo" time="0.005" errors="0" timestamp="2022-07-30T14:49:41 IST" skipped="0">
  <testcase classname="tpack.testTwo" name="classTwo" time="0.005"/>
  <system-out/>
</testsuite> <!-- tpack.testTwo -->
